[0m13:58:48.601025 [debug] [MainThread]: Sending event: {'category': 'dbt', 'action': 'invocation', 'label': 'start', 'context': [<snowplow_tracker.self_describing_json.SelfDescribingJson object at 0x000002A6B0607BF0>, <snowplow_tracker.self_describing_json.SelfDescribingJson object at 0x000002A6B045CAA0>, <snowplow_tracker.self_describing_json.SelfDescribingJson object at 0x000002A6AD0AE510>]}


============================== 13:58:48.670267 | d6c53d54-aded-442a-858c-05734bdfaaa4 ==============================
[0m13:58:48.670267 [info ] [MainThread]: Running with dbt=1.11.11
[0m13:58:48.671081 [debug] [MainThread]: running dbt with arguments {'static_parser': 'True', 'no_print': 'None', 'version_check': 'True', 'warn_error_options': 'WarnErrorOptionsV2(error=[], warn=[], silence=[])', 'target_path': 'None', 'printer_width': '80', 'write_json': 'True', 'empty': 'None', 'log_cache_events': 'False', 'introspect': 'True', 'cache_selected_only': 'False', 'log_format': 'default', 'debug': 'False', 'fail_fast': 'False', 'partial_parse': 'True', 'send_anonymous_usage_stats': 'True', 'quiet': 'False', 'warn_error': 'None', 'profiles_dir': 'C:\\Users\\Divya\\.dbt', 'indirect_selection': 'eager', 'use_colors': 'True', 'invocation_command': 'dbt init', 'use_experimental_parser': 'False', 'log_path': 'logs'}
[0m13:58:49.032919 [info ] [MainThread]: Creating dbt configuration folder at C:\Users\Divya\.dbt
[0m13:59:09.209330 [debug] [MainThread]: Starter project path: D:\Projects\AirbnbDBTsf\.venv\Lib\site-packages\dbt\include\starter_project
[0m13:59:09.256823 [info ] [MainThread]: 
Your new dbt project "Airbnb_dbt_sf" was created!

For more information on how to configure the profiles.yml file,
please consult the dbt documentation here:

  https://docs.getdbt.com/docs/configure-your-profile

One more thing:

Need help? Don't hesitate to reach out to us via GitHub issues or on Slack:

  https://community.getdbt.com/

Happy modeling!

[0m13:59:09.257825 [info ] [MainThread]: Setting up your profile.
[0m13:59:33.309494 [debug] [MainThread]: Snowflake adapter: Setting snowflake.connector to ERROR (file logging only)
[0m13:59:33.310486 [debug] [MainThread]: Snowflake adapter: Setting botocore to ERROR (file logging only)
[0m13:59:33.310486 [debug] [MainThread]: Snowflake adapter: Setting boto3 to ERROR (file logging only)
[0m14:04:35.335072 [info ] [MainThread]: Profile Airbnb_dbt_sf written to C:\Users\Divya\.dbt\profiles.yml using target's profile_template.yml and your supplied values. Run 'dbt debug' to validate the connection.
[0m14:04:35.339605 [debug] [MainThread]: Command `dbt init` succeeded at 14:04:35.339605 after 347.03 seconds
[0m14:04:35.340637 [debug] [MainThread]: Sending event: {'category': 'dbt', 'action': 'invocation', 'label': 'end', 'context': [<snowplow_tracker.self_describing_json.SelfDescribingJson object at 0x000002A6B0607BF0>, <snowplow_tracker.self_describing_json.SelfDescribingJson object at 0x000002A6B21920C0>, <snowplow_tracker.self_describing_json.SelfDescribingJson object at 0x000002A6B2500C20>]}
[0m14:04:35.341963 [debug] [MainThread]: Flushing usage events
[0m14:04:38.329608 [debug] [MainThread]: An error was encountered while trying to flush usage events
[0m14:05:20.430355 [debug] [MainThread]: Sending event: {'category': 'dbt', 'action': 'invocation', 'label': 'start', 'context': [<snowplow_tracker.self_describing_json.SelfDescribingJson object at 0x000001B5C08AA1B0>, <snowplow_tracker.self_describing_json.SelfDescribingJson object at 0x000001B5C020F3B0>, <snowplow_tracker.self_describing_json.SelfDescribingJson object at 0x000001B5BE3C7500>]}


============================== 14:05:20.444992 | ef411d13-8b32-4a2c-b096-c9b1e2c600e6 ==============================
[0m14:05:20.444992 [info ] [MainThread]: Running with dbt=1.11.11
[0m14:05:20.444992 [debug] [MainThread]: running dbt with arguments {'version_check': 'True', 'no_print': 'None', 'static_parser': 'True', 'warn_error_options': 'WarnErrorOptionsV2(error=[], warn=[], silence=[])', 'target_path': 'None', 'printer_width': '80', 'write_json': 'True', 'introspect': 'True', 'log_cache_events': 'False', 'empty': 'None', 'cache_selected_only': 'False', 'log_format': 'default', 'debug': 'False', 'fail_fast': 'False', 'partial_parse': 'True', 'send_anonymous_usage_stats': 'True', 'quiet': 'False', 'warn_error': 'None', 'profiles_dir': 'C:\\Users\\Divya\\.dbt', 'use_colors': 'True', 'indirect_selection': 'eager', 'invocation_command': 'dbt debug', 'use_experimental_parser': 'False', 'log_path': 'logs'}
[0m14:05:20.559448 [info ] [MainThread]: dbt version: 1.11.11
[0m14:05:20.559448 [info ] [MainThread]: python version: 3.12.13
[0m14:05:20.560456 [info ] [MainThread]: python path: D:\Projects\AirbnbDBTsf\.venv\Scripts\python.exe
[0m14:05:20.560456 [info ] [MainThread]: os info: Windows-11-10.0.26300-SP0
[0m14:05:21.571061 [debug] [MainThread]: Snowflake adapter: Setting snowflake.connector to ERROR (file logging only)
[0m14:05:21.573057 [debug] [MainThread]: Snowflake adapter: Setting botocore to ERROR (file logging only)
[0m14:05:21.574057 [debug] [MainThread]: Snowflake adapter: Setting boto3 to ERROR (file logging only)
[0m14:05:21.830650 [info ] [MainThread]: Using profiles dir at C:\Users\Divya\.dbt
[0m14:05:21.831678 [info ] [MainThread]: Using profiles.yml file at C:\Users\Divya\.dbt\profiles.yml
[0m14:05:21.831678 [info ] [MainThread]: Using dbt_project.yml file at D:\Projects\AirbnbDBTsf\dbt_project.yml
[0m14:05:21.862505 [info ] [MainThread]: adapter type: snowflake
[0m14:05:21.863705 [info ] [MainThread]: adapter version: 1.11.5
[0m14:05:21.863705 [info ] [MainThread]: Configuration:
[0m14:05:21.865143 [info ] [MainThread]:   profiles.yml file [[32mOK found and valid[0m]
[0m14:05:21.866135 [info ] [MainThread]:   dbt_project.yml file [[31mERROR not found[0m]
[0m14:05:21.867144 [info ] [MainThread]: Required dependencies:
[0m14:05:21.880583 [debug] [MainThread]: Executing "git --help"
[0m14:05:22.107825 [debug] [MainThread]: STDOUT: "b"usage: git [-v | --version] [-h | --help] [-C <path>] [-c <name>=<value>]\n           [--exec-path[=<path>]] [--html-path] [--man-path] [--info-path]\n           [-p | --paginate | -P | --no-pager] [--no-replace-objects] [--no-lazy-fetch]\n           [--no-optional-locks] [--no-advice] [--bare] [--git-dir=<path>]\n           [--work-tree=<path>] [--namespace=<name>] [--config-env=<name>=<envvar>]\n           <command> [<args>]\n\nThese are common Git commands used in various situations:\n\nstart a working area (see also: git help tutorial)\n   clone      Clone a repository into a new directory\n   init       Create an empty Git repository or reinitialize an existing one\n\nwork on the current change (see also: git help everyday)\n   add        Add file contents to the index\n   mv         Move or rename a file, a directory, or a symlink\n   restore    Restore working tree files\n   rm         Remove files from the working tree and from the index\n\nexamine the history and state (see also: git help revisions)\n   bisect     Use binary search to find the commit that introduced a bug\n   diff       Show changes between commits, commit and working tree, etc\n   grep       Print lines matching a pattern\n   log        Show commit logs\n   show       Show various types of objects\n   status     Show the working tree status\n\ngrow, mark and tweak your common history\n   backfill   Download missing objects in a partial clone\n   branch     List, create, or delete branches\n   commit     Record changes to the repository\n   history    EXPERIMENTAL: Rewrite history\n   merge      Join two or more development histories together\n   rebase     Reapply commits on top of another base tip\n   reset      Set `HEAD` or the index to a known state\n   switch     Switch branches\n   tag        Create, list, delete or verify tags\n\ncollaborate (see also: git help workflows)\n   fetch      Download objects and refs from another repository\n   pull       Fetch from and integrate with another repository or a local branch\n   push       Update remote refs along with associated objects\n\n'git help -a' and 'git help -g' list available subcommands and some\nconcept guides. See 'git help <command>' or 'git help <concept>'\nto read about a specific subcommand or concept.\nSee 'git help git' for an overview of the system.\n""
[0m14:05:22.109339 [debug] [MainThread]: STDERR: "b''"
[0m14:05:22.110356 [info ] [MainThread]:  - git [[32mOK found[0m]

[0m14:05:22.110356 [info ] [MainThread]: Connection:
[0m14:05:22.111347 [info ] [MainThread]:   account: UWSINJH-DN64613
[0m14:05:22.111347 [info ] [MainThread]:   user: DIVYA150601
[0m14:05:22.112421 [info ] [MainThread]:   database: AIRBNB
[0m14:05:22.112421 [info ] [MainThread]:   warehouse: COMPUTE_WH
[0m14:05:22.113418 [info ] [MainThread]:   role: ACCOUNTADMIN
[0m14:05:22.113418 [info ] [MainThread]:   schema: dbt_schema
[0m14:05:22.114416 [info ] [MainThread]:   authenticator: None
[0m14:05:22.114416 [info ] [MainThread]:   oauth_client_id: None
[0m14:05:22.115413 [info ] [MainThread]:   query_tag: None
[0m14:05:22.115413 [info ] [MainThread]:   client_session_keep_alive: False
[0m14:05:22.116420 [info ] [MainThread]:   host: None
[0m14:05:22.118426 [info ] [MainThread]:   port: None
[0m14:05:22.123980 [info ] [MainThread]:   proxy_host: None
[0m14:05:22.124966 [info ] [MainThread]:   proxy_port: None
[0m14:05:22.124966 [info ] [MainThread]:   protocol: None
[0m14:05:22.126972 [info ] [MainThread]:   connect_retries: 1
[0m14:05:22.127997 [info ] [MainThread]:   connect_timeout: None
[0m14:05:22.129504 [info ] [MainThread]:   retry_on_database_errors: False
[0m14:05:22.130755 [info ] [MainThread]:   retry_all: False
[0m14:05:22.130755 [info ] [MainThread]:   insecure_mode: False
[0m14:05:22.131921 [info ] [MainThread]:   reuse_connections: True
[0m14:05:22.131921 [info ] [MainThread]:   s3_stage_vpce_dns_name: None
[0m14:05:22.132916 [info ] [MainThread]:   platform_detection_timeout_seconds: 0.0
[0m14:05:22.133915 [info ] [MainThread]: Registered adapter: snowflake=1.11.5
[0m14:05:22.896411 [debug] [MainThread]: Acquiring new snowflake connection 'debug'
[0m14:05:26.963112 [debug] [MainThread]: Using snowflake connection "debug"
[0m14:05:26.963112 [debug] [MainThread]: On debug: select 1 as id
[0m14:05:26.964110 [debug] [MainThread]: Opening a new connection, currently in state init
[0m14:05:29.856106 [debug] [MainThread]: SQL status: SUCCESS 1 in 2.892 seconds
[0m14:05:29.858108 [info ] [MainThread]:   Connection test: [[32mOK connection ok[0m]

[0m14:05:29.859641 [info ] [MainThread]: [31m1 check failed:[0m
[0m14:05:29.860671 [info ] [MainThread]: Project loading failed for the following reason:
 project path <D:\Projects\AirbnbDBTsf\dbt_project.yml> not found

[0m14:05:29.863656 [debug] [MainThread]: Command `dbt debug` failed at 14:05:29.863656 after 9.77 seconds
[0m14:05:29.864656 [debug] [MainThread]: Connection 'debug' was left open.
[0m14:05:29.865657 [debug] [MainThread]: On debug: Close
[0m14:05:29.980941 [debug] [MainThread]: Sending event: {'category': 'dbt', 'action': 'invocation', 'label': 'end', 'context': [<snowplow_tracker.self_describing_json.SelfDescribingJson object at 0x000001B5C0D6BEC0>, <snowplow_tracker.self_describing_json.SelfDescribingJson object at 0x000001B5C2572930>, <snowplow_tracker.self_describing_json.SelfDescribingJson object at 0x000001B5C3252F60>]}
[0m14:05:29.981298 [debug] [MainThread]: Flushing usage events
[0m14:05:31.265859 [debug] [MainThread]: An error was encountered while trying to flush usage events
[0m14:54:02.210922 [debug] [MainThread]: Sending event: {'category': 'dbt', 'action': 'invocation', 'label': 'start', 'context': [<snowplow_tracker.self_describing_json.SelfDescribingJson object at 0x000001B7516B8F20>, <snowplow_tracker.self_describing_json.SelfDescribingJson object at 0x000001B74F651C70>, <snowplow_tracker.self_describing_json.SelfDescribingJson object at 0x000001B7514787D0>]}


============================== 14:54:02.226876 | 6f4927ff-bee5-476d-ab3e-f3a6d22c7a53 ==============================
[0m14:54:02.226876 [info ] [MainThread]: Running with dbt=1.11.11
[0m14:54:02.230713 [debug] [MainThread]: running dbt with arguments {'static_parser': 'True', 'no_print': 'None', 'version_check': 'True', 'target_path': 'None', 'warn_error_options': 'WarnErrorOptionsV2(error=[], warn=[], silence=[])', 'printer_width': '80', 'write_json': 'True', 'introspect': 'True', 'log_cache_events': 'False', 'empty': 'False', 'cache_selected_only': 'False', 'log_format': 'default', 'debug': 'False', 'fail_fast': 'False', 'profiles_dir': 'D:\\Projects\\AirbnbDBTsf', 'send_anonymous_usage_stats': 'True', 'quiet': 'False', 'warn_error': 'None', 'partial_parse': 'True', 'invocation_command': 'dbt run', 'indirect_selection': 'eager', 'use_colors': 'True', 'use_experimental_parser': 'False', 'log_path': 'logs'}
[0m14:54:02.230713 [error] [MainThread]: Encountered an error:
Runtime Error
  No dbt_project.yml found at expected path D:\Projects\AirbnbDBTsf\dbt_project.yml
  Verify that each entry within packages.yml (and their transitive dependencies) contains a file named dbt_project.yml
  
[0m14:54:02.243931 [debug] [MainThread]: Command `dbt run` failed at 14:54:02.243931 after 0.51 seconds
[0m14:54:02.243931 [debug] [MainThread]: Sending event: {'category': 'dbt', 'action': 'invocation', 'label': 'end', 'context': [<snowplow_tracker.self_describing_json.SelfDescribingJson object at 0x000001B7533ED9D0>, <snowplow_tracker.self_describing_json.SelfDescribingJson object at 0x000001B751579E20>, <snowplow_tracker.self_describing_json.SelfDescribingJson object at 0x000001B751579EB0>]}
[0m14:54:02.243931 [debug] [MainThread]: Flushing usage events
[0m14:54:03.690646 [debug] [MainThread]: An error was encountered while trying to flush usage events
[0m14:54:43.666275 [debug] [MainThread]: Sending event: {'category': 'dbt', 'action': 'invocation', 'label': 'start', 'context': [<snowplow_tracker.self_describing_json.SelfDescribingJson object at 0x00000294FE615100>, <snowplow_tracker.self_describing_json.SelfDescribingJson object at 0x000002948075F6E0>, <snowplow_tracker.self_describing_json.SelfDescribingJson object at 0x000002948075F470>]}


============================== 14:54:43.672413 | 88a02b2c-c5dd-440c-b679-6712d4815f22 ==============================
[0m14:54:43.672413 [info ] [MainThread]: Running with dbt=1.11.11
[0m14:54:43.678529 [debug] [MainThread]: running dbt with arguments {'static_parser': 'True', 'no_print': 'None', 'version_check': 'True', 'target_path': 'None', 'warn_error_options': 'WarnErrorOptionsV2(error=[], warn=[], silence=[])', 'printer_width': '80', 'write_json': 'True', 'introspect': 'True', 'log_cache_events': 'False', 'empty': 'False', 'cache_selected_only': 'False', 'log_format': 'default', 'debug': 'False', 'fail_fast': 'False', 'profiles_dir': 'D:\\Projects\\AirbnbDBTsf', 'send_anonymous_usage_stats': 'True', 'quiet': 'False', 'warn_error': 'None', 'partial_parse': 'True', 'invocation_command': 'dbt run --select models/demo', 'indirect_selection': 'eager', 'use_colors': 'True', 'use_experimental_parser': 'False', 'log_path': 'logs'}
[0m14:54:43.678529 [error] [MainThread]: Encountered an error:
Runtime Error
  No dbt_project.yml found at expected path D:\Projects\AirbnbDBTsf\dbt_project.yml
  Verify that each entry within packages.yml (and their transitive dependencies) contains a file named dbt_project.yml
  
[0m14:54:43.678529 [debug] [MainThread]: Command `dbt run` failed at 14:54:43.678529 after 0.36 seconds
[0m14:54:43.678529 [debug] [MainThread]: Sending event: {'category': 'dbt', 'action': 'invocation', 'label': 'end', 'context': [<snowplow_tracker.self_describing_json.SelfDescribingJson object at 0x0000029480E2B650>, <snowplow_tracker.self_describing_json.SelfDescribingJson object at 0x00000294807DDDF0>, <snowplow_tracker.self_describing_json.SelfDescribingJson object at 0x0000029482680F80>]}
[0m14:54:43.678529 [debug] [MainThread]: Flushing usage events
[0m14:54:45.160209 [debug] [MainThread]: An error was encountered while trying to flush usage events
[0m15:09:17.018163 [debug] [MainThread]: Sending event: {'category': 'dbt', 'action': 'invocation', 'label': 'start', 'context': [<snowplow_tracker.self_describing_json.SelfDescribingJson object at 0x000001B91F8E2EA0>, <snowplow_tracker.self_describing_json.SelfDescribingJson object at 0x000001B922F577A0>, <snowplow_tracker.self_describing_json.SelfDescribingJson object at 0x000001B922F578C0>]}


============================== 15:09:17.064988 | a7943e2e-2792-4848-93f4-f0b18259cb24 ==============================
[0m15:09:17.064988 [info ] [MainThread]: Running with dbt=1.11.11
[0m15:09:17.067400 [debug] [MainThread]: running dbt with arguments {'version_check': 'True', 'no_print': 'None', 'static_parser': 'True', 'target_path': 'None', 'warn_error_options': 'WarnErrorOptionsV2(error=[], warn=[], silence=[])', 'printer_width': '80', 'write_json': 'True', 'introspect': 'True', 'log_cache_events': 'False', 'empty': 'False', 'cache_selected_only': 'False', 'fail_fast': 'False', 'debug': 'False', 'log_format': 'default', 'partial_parse': 'True', 'send_anonymous_usage_stats': 'True', 'quiet': 'False', 'warn_error': 'None', 'profiles_dir': 'D:\\Projects\\AirbnbDBTsf', 'indirect_selection': 'eager', 'use_colors': 'True', 'invocation_command': 'dbt run --select models/demo', 'use_experimental_parser': 'False', 'log_path': 'logs'}
[0m15:09:17.067400 [error] [MainThread]: Encountered an error:
Runtime Error
  No dbt_project.yml found at expected path D:\Projects\AirbnbDBTsf\dbt_project.yml
  Verify that each entry within packages.yml (and their transitive dependencies) contains a file named dbt_project.yml
  
[0m15:09:17.067400 [debug] [MainThread]: Command `dbt run` failed at 15:09:17.067400 after 0.46 seconds
[0m15:09:17.067400 [debug] [MainThread]: Sending event: {'category': 'dbt', 'action': 'invocation', 'label': 'end', 'context': [<snowplow_tracker.self_describing_json.SelfDescribingJson object at 0x000001B9234934D0>, <snowplow_tracker.self_describing_json.SelfDescribingJson object at 0x000001B92295DCA0>, <snowplow_tracker.self_describing_json.SelfDescribingJson object at 0x000001B92295D7F0>]}
[0m15:09:17.067400 [debug] [MainThread]: Flushing usage events
[0m15:09:18.942210 [debug] [MainThread]: An error was encountered while trying to flush usage events
[0m18:46:51.461952 [debug] [MainThread]: Sending event: {'category': 'dbt', 'action': 'invocation', 'label': 'start', 'context': [<snowplow_tracker.self_describing_json.SelfDescribingJson object at 0x000001E44BD276B0>, <snowplow_tracker.self_describing_json.SelfDescribingJson object at 0x000001E44CDCDF70>, <snowplow_tracker.self_describing_json.SelfDescribingJson object at 0x000001E44CDCE090>]}


============================== 18:46:51.468328 | d05b45b4-20b0-496b-9ee3-3b73eaa77523 ==============================
[0m18:46:51.468328 [info ] [MainThread]: Running with dbt=1.11.11
[0m18:46:51.468328 [debug] [MainThread]: running dbt with arguments {'static_parser': 'True', 'no_print': 'None', 'version_check': 'True', 'target_path': 'None', 'warn_error_options': 'WarnErrorOptionsV2(error=[], warn=[], silence=[])', 'printer_width': '80', 'write_json': 'True', 'introspect': 'True', 'log_cache_events': 'False', 'empty': 'False', 'cache_selected_only': 'False', 'log_format': 'default', 'debug': 'False', 'fail_fast': 'False', 'profiles_dir': 'D:\\Projects\\AirbnbDBTsf', 'send_anonymous_usage_stats': 'True', 'quiet': 'False', 'warn_error': 'None', 'partial_parse': 'True', 'indirect_selection': 'eager', 'invocation_command': 'dbt run', 'use_colors': 'True', 'use_experimental_parser': 'False', 'log_path': 'logs'}
[0m18:46:51.468328 [error] [MainThread]: Encountered an error:
Runtime Error
  No dbt_project.yml found at expected path D:\Projects\AirbnbDBTsf\dbt_project.yml
  Verify that each entry within packages.yml (and their transitive dependencies) contains a file named dbt_project.yml
  
[0m18:46:51.468328 [debug] [MainThread]: Command `dbt run` failed at 18:46:51.468328 after 0.17 seconds
[0m18:46:51.468328 [debug] [MainThread]: Sending event: {'category': 'dbt', 'action': 'invocation', 'label': 'end', 'context': [<snowplow_tracker.self_describing_json.SelfDescribingJson object at 0x000001E44D0684A0>, <snowplow_tracker.self_describing_json.SelfDescribingJson object at 0x000001E44A4FD220>, <snowplow_tracker.self_describing_json.SelfDescribingJson object at 0x000001E44D3F0CB0>]}
[0m18:46:51.468328 [debug] [MainThread]: Flushing usage events
[0m18:46:52.620522 [debug] [MainThread]: An error was encountered while trying to flush usage events
